<?xml version="1.0" encoding="UTF-8"?>
<testsuite xmlns:xsi="http://www.w3.org/2001/XMLSchema-instance" xsi:noNamespaceSchemaLocation="https://maven.apache.org/surefire/maven-surefire-plugin/xsd/surefire-test-report-3.0.xsd" version="3.0" name="com.ecommerce.Auno.AunoApplicationTests" time="20.167" tests="1" errors="0" skipped="0" failures="0">
  <properties>
[...]
</properties>
  <testcase name="contextLoads" classname="com.ecommerce.Auno.AunoApplicationTests" time="1.317">
    <system-out><![CDATA[14:07:42.336 [main] INFO org.springframework.test.context.support.AnnotationConfigContextLoaderUtils -- Could not detect default configuration classes for test class [com.ecommerce.Auno.AunoApplicationTests]: AunoApplicationTests does not declare any static, non-private, non-final, nested classes annotated with @Configuration.
14:07:42.577 [main] INFO org.springframework.boot.test.context.SpringBootTestContextBootstrapper -- Found @SpringBootConfiguration com.ecommerce.Auno.AunoApplication for test class com.ecommerce.Auno.AunoApplicationTests
14:07:43.018 [main] INFO org.springframework.boot.devtools.restart.RestartApplicationListener -- Restart disabled due to context in which it is running

  .   ____          _            __ _ _
 /\\ / ___'_ __ _ _(_)_ __  __ _ \ \ \ \
( ( )\___ | '_ | '_| | '_ \/ _` | \ \ \ \
 \\/  ___)| |_)| | | | | || (_| |  ) ) ) )
  '  |____| .__|_| |_|_| |_\__, | / / / /
 =========|_|==============|___/=/_/_/_/
 :: Spring Boot ::                (v3.2.4)

2024-08-12T14:07:43.567+05:30  INFO 8808 --- [           main] c.ecommerce.Auno.AunoApplicationTests    : Starting AunoApplicationTests using Java 17.0.9 with PID 8808 (started by varun in D:\Auno)
2024-08-12T14:07:43.571+05:30  INFO 8808 --- [           main] c.ecommerce.Auno.AunoApplicationTests    : No active profile set, falling back to 1 default profile: "default"
2024-08-12T14:07:45.297+05:30  INFO 8808 --- [           main] .s.d.r.c.RepositoryConfigurationDelegate : Bootstrapping Spring Data JPA repositories in DEFAULT mode.
2024-08-12T14:07:45.482+05:30  INFO 8808 --- [           main] .s.d.r.c.RepositoryConfigurationDelegate : Finished Spring Data repository scanning in 166 ms. Found 10 JPA repository interfaces.
2024-08-12T14:07:46.519+05:30  INFO 8808 --- [           main] o.hibernate.jpa.internal.util.LogHelper  : HHH000204: Processing PersistenceUnitInfo [name: default]
2024-08-12T14:07:46.660+05:30  INFO 8808 --- [           main] org.hibernate.Version                    : HHH000412: Hibernate ORM core version 6.4.4.Final
2024-08-12T14:07:46.742+05:30  INFO 8808 --- [           main] o.h.c.internal.RegionFactoryInitiator    : HHH000026: Second-level cache disabled
2024-08-12T14:07:47.316+05:30  INFO 8808 --- [           main] o.s.o.j.p.SpringPersistenceUnitInfo      : No LoadTimeWeaver setup: ignoring JPA class transformer
2024-08-12T14:07:47.373+05:30  INFO 8808 --- [           main] com.zaxxer.hikari.HikariDataSource       : HikariPool-1 - Starting...
2024-08-12T14:07:48.530+05:30  INFO 8808 --- [           main] com.zaxxer.hikari.pool.HikariPool        : HikariPool-1 - Added connection com.mysql.cj.jdbc.ConnectionImpl@223cbf0d
2024-08-12T14:07:48.539+05:30  INFO 8808 --- [           main] com.zaxxer.hikari.HikariDataSource       : HikariPool-1 - Start completed.
2024-08-12T14:07:51.563+05:30  INFO 8808 --- [           main] o.h.e.t.j.p.i.JtaPlatformInitiator       : HHH000489: No JTA platform available (set 'hibernate.transaction.jta.platform' to enable JTA platform integration)
Hibernate: create table address (id bigint not null, street_address varchar(255), city varchar(255), first_name varchar(255), last_name varchar(255), mobile varchar(255), state varchar(255), zip_code varchar(255), user_id bigint, primary key (id)) engine=InnoDB
Hibernate: create table address_seq (next_val bigint) engine=InnoDB
Hibernate: insert into address_seq values ( 1 )
Hibernate: create table cart (id bigint not null, discount integer not null, total_discounted_price integer not null, total_item integer, total_price float(53), user_id bigint not null, primary key (id)) engine=InnoDB
Hibernate: create table cart_item_seq (next_val bigint) engine=InnoDB
Hibernate: insert into cart_item_seq values ( 1 )
Hibernate: create table cart_seq (next_val bigint) engine=InnoDB
Hibernate: insert into cart_seq values ( 1 )
Hibernate: create table cart_item (id bigint not null, discounted_price integer, price integer, quantity integer not null, size varchar(255), user_id bigint, cart_id bigint, product_id bigint, primary key (id)) engine=InnoDB
Hibernate: create table categories (id bigint not null, level integer not null, name varchar(50) not null, parent_category_id bigint, primary key (id)) engine=InnoDB
Hibernate: create table categories_seq (next_val bigint) engine=InnoDB
Hibernate: insert into categories_seq values ( 1 )
Hibernate: create table order_item_seq (next_val bigint) engine=InnoDB
Hibernate: insert into order_item_seq values ( 1 )
Hibernate: create table order_item (id bigint not null, delivery_date datetime(6), discounted_price integer, price integer, quantity integer not null, size varchar(255), user_id bigint, order_id bigint, product_id bigint, primary key (id)) engine=InnoDB
Hibernate: create table orders (id bigint not null, created_at datetime(6), delivery_date datetime(6), discount integer, order_date datetime(6), order_id varchar(255), order_status varchar(255), payment_id varchar(255), payment_method varchar(255), payment_status varchar(255), razor_payment_id varchar(255), razor_payment_link_id varchar(255), razor_payment_link_status varchar(255), razor_payment_reference_id varchar(255), total_discounted_price integer, total_items integer not null, total_price float(53) not null, shipping_address_id bigint, user_id bigint, primary key (id)) engine=InnoDB
Hibernate: create table orders_seq (next_val bigint) engine=InnoDB
Hibernate: insert into orders_seq values ( 1 )
Hibernate: create table payment_information (user_id bigint not null, cardholder_name varchar(255), card_number varchar(255), cvv varchar(255), expiration_date date) engine=InnoDB
Hibernate: create table product (id bigint not null, brand varchar(255), color varchar(255), created_at datetime(6), description varchar(255), discount_persent integer, discounted_price integer, image_url varchar(255), num_rating integer, price integer not null, quantity integer not null, title varchar(255), category_id bigint, primary key (id)) engine=InnoDB
Hibernate: create table product_seq (next_val bigint) engine=InnoDB
Hibernate: insert into product_seq values ( 1 )
Hibernate: create table product_sizes (product_id bigint not null, name varchar(255), quantity integer) engine=InnoDB
Hibernate: create table rating (id bigint not null, created_at datetime(6), rating float(53) not null, product_id bigint not null, user_id bigint not null, primary key (id)) engine=InnoDB
Hibernate: create table rating_seq (next_val bigint) engine=InnoDB
Hibernate: insert into rating_seq values ( 1 )
Hibernate: create table review (id bigint not null, created_at datetime(6), review varchar(255), product_id bigint, `user-id` bigint, primary key (id)) engine=InnoDB
Hibernate: create table review_seq (next_val bigint) engine=InnoDB
Hibernate: insert into review_seq values ( 1 )
Hibernate: create table user (id bigint not null, created_at datetime(6), email varchar(255), first_name varchar(255), last_name varchar(255), mobile varchar(255), password varchar(255), role varchar(255), primary key (id)) engine=InnoDB
Hibernate: create table user_seq (next_val bigint) engine=InnoDB
Hibernate: insert into user_seq values ( 1 )
Hibernate: alter table cart drop index UK_9emlp6m95v5er2bcqkjsw48he
Hibernate: alter table cart add constraint UK_9emlp6m95v5er2bcqkjsw48he unique (user_id)
Hibernate: alter table orders drop index UK_sdv8vvdhj9gxm0dfoeh2rqvkh
Hibernate: alter table orders add constraint UK_sdv8vvdhj9gxm0dfoeh2rqvkh unique (shipping_address_id)
Hibernate: alter table address add constraint FKda8tuywtf0gb6sedwk7la1pgi foreign key (user_id) references user (id)
Hibernate: alter table cart add constraint FKl70asp4l4w0jmbm1tqyofho4o foreign key (user_id) references user (id)
Hibernate: alter table cart_item add constraint FK1uobyhgl1wvgt1jpccia8xxs3 foreign key (cart_id) references cart (id)
Hibernate: alter table cart_item add constraint FKjcyd5wv4igqnw413rgxbfu4nv foreign key (product_id) references product (id)
Hibernate: alter table categories add constraint FK9il7y6fehxwunjeepq0n7g5rd foreign key (parent_category_id) references categories (id)
Hibernate: alter table order_item add constraint FKt4dc2r9nbvbujrljv3e23iibt foreign key (order_id) references orders (id)
Hibernate: alter table order_item add constraint FK551losx9j75ss5d6bfsqvijna foreign key (product_id) references product (id)
Hibernate: alter table orders add constraint FKh0uue95ltjysfmkqb5abgk7tj foreign key (shipping_address_id) references address (id)
Hibernate: alter table orders add constraint FKel9kyl84ego2otj2accfd8mr7 foreign key (user_id) references user (id)
Hibernate: alter table payment_information add constraint FKcb0vkk9ey9j41no8yn0p60j95 foreign key (user_id) references user (id)
Hibernate: alter table product add constraint FKowomku74u72o6h8q0khj7id8q foreign key (category_id) references categories (id)
Hibernate: alter table product_sizes add constraint FK4w69qsh5hd062xv3hqkpgpdpu foreign key (product_id) references product (id)
Hibernate: alter table rating add constraint FKlkuwie0au2dru36asng9nywmh foreign key (product_id) references product (id)
Hibernate: alter table rating add constraint FKpn05vbx6usw0c65tcyuce4dw5 foreign key (user_id) references user (id)
Hibernate: alter table review add constraint FKiyof1sindb9qiqr9o8npj8klt foreign key (product_id) references product (id)
Hibernate: alter table review add constraint FKftvi4xf5j6l0pcdr8f4248lvr foreign key (`user-id`) references user (id)
2024-08-12T14:07:55.916+05:30  INFO 8808 --- [           main] j.LocalContainerEntityManagerFactoryBean : Initialized JPA EntityManagerFactory for persistence unit 'default'
2024-08-12T14:07:56.584+05:30  INFO 8808 --- [           main] o.s.d.j.r.query.QueryEnhancerFactory     : Hibernate is in classpath; If applicable, HQL parser will be used.
2024-08-12T14:07:59.155+05:30  WARN 8808 --- [           main] JpaBaseConfiguration$JpaWebConfiguration : spring.jpa.open-in-view is enabled by default. Therefore, database queries may be performed during view rendering. Explicitly configure spring.jpa.open-in-view to disable this warning
2024-08-12T14:08:00.055+05:30  INFO 8808 --- [           main] o.s.s.web.DefaultSecurityFilterChain     : Will secure any request with [org.springframework.security.web.session.DisableEncodeUrlFilter@7169a87, org.springframework.security.web.context.request.async.WebAsyncManagerIntegrationFilter@55ab20e1, org.springframework.security.web.context.SecurityContextHolderFilter@59cda7a8, org.springframework.security.web.header.HeaderWriterFilter@42a3abe9, org.springframework.web.filter.CorsFilter@4e9c29eb, org.springframework.security.web.authentication.logout.LogoutFilter@66075044, org.springframework.security.web.authentication.UsernamePasswordAuthenticationFilter@1a2b0708, org.springframework.security.web.authentication.ui.DefaultLoginPageGeneratingFilter@571bce3, org.springframework.security.web.authentication.ui.DefaultLogoutPageGeneratingFilter@1d0aa57d, com.ecommerce.Auno.Configuration.JwtValidator@2efbc6f9, org.springframework.security.web.authentication.www.BasicAuthenticationFilter@730632bb, org.springframework.security.web.savedrequest.RequestCacheAwareFilter@668d9b0, org.springframework.security.web.servletapi.SecurityContextHolderAwareRequestFilter@39e22f5, org.springframework.security.web.authentication.AnonymousAuthenticationFilter@22db47ef, org.springframework.security.web.session.SessionManagementFilter@27d74c62, org.springframework.security.web.access.ExceptionTranslationFilter@233ed910, org.springframework.security.web.access.intercept.AuthorizationFilter@3c57fb14]
2024-08-12T14:08:00.754+05:30  INFO 8808 --- [           main] c.ecommerce.Auno.AunoApplicationTests    : Started AunoApplicationTests in 17.782 seconds (process running for 20.564)
]]></system-out>
  </testcase>
</testsuite>