<?xml version="1.0" encoding="UTF-8"?>
<testsuite xmlns:xsi="http://www.w3.org/2001/XMLSchema-instance" xsi:noNamespaceSchemaLocation="https://maven.apache.org/surefire/maven-surefire-plugin/xsd/surefire-test-report-3.0.xsd" version="3.0" name="com.ecommerce.Auno.AunoApplicationTests" time="25.86" tests="1" errors="0" skipped="0" failures="0">
  <properties>
[...]
</properties>
  <testcase name="contextLoads" classname="com.ecommerce.Auno.AunoApplicationTests" time="1.459">
    <system-out><![CDATA[10:24:28.433 [main] INFO org.springframework.test.context.support.AnnotationConfigContextLoaderUtils -- Could not detect default configuration classes for test class [com.ecommerce.Auno.AunoApplicationTests]: AunoApplicationTests does not declare any static, non-private, non-final, nested classes annotated with @Configuration.
10:24:28.868 [main] INFO org.springframework.boot.test.context.SpringBootTestContextBootstrapper -- Found @SpringBootConfiguration com.ecommerce.Auno.AunoApplication for test class com.ecommerce.Auno.AunoApplicationTests
10:24:29.525 [main] INFO org.springframework.boot.devtools.restart.RestartApplicationListener -- Restart disabled due to context in which it is running

  .   ____          _            __ _ _
 /\\ / ___'_ __ _ _(_)_ __  __ _ \ \ \ \
( ( )\___ | '_ | '_| | '_ \/ _` | \ \ \ \
 \\/  ___)| |_)| | | | | || (_| |  ) ) ) )
  '  |____| .__|_| |_|_| |_\__, | / / / /
 =========|_|==============|___/=/_/_/_/
 :: Spring Boot ::                (v3.2.4)

2024-07-18T10:24:30.426+05:30  INFO 10176 --- [           main] c.ecommerce.Auno.AunoApplicationTests    : Starting AunoApplicationTests using Java 17.0.9 with PID 10176 (started by varun in D:\Auno)
2024-07-18T10:24:30.430+05:30  INFO 10176 --- [           main] c.ecommerce.Auno.AunoApplicationTests    : No active profile set, falling back to 1 default profile: "default"
2024-07-18T10:24:34.401+05:30  INFO 10176 --- [           main] .s.d.r.c.RepositoryConfigurationDelegate : Bootstrapping Spring Data JPA repositories in DEFAULT mode.
2024-07-18T10:24:34.682+05:30  INFO 10176 --- [           main] .s.d.r.c.RepositoryConfigurationDelegate : Finished Spring Data repository scanning in 257 ms. Found 10 JPA repository interfaces.
2024-07-18T10:24:37.209+05:30  INFO 10176 --- [           main] o.hibernate.jpa.internal.util.LogHelper  : HHH000204: Processing PersistenceUnitInfo [name: default]
2024-07-18T10:24:37.518+05:30  INFO 10176 --- [           main] org.hibernate.Version                    : HHH000412: Hibernate ORM core version 6.4.4.Final
2024-07-18T10:24:37.684+05:30  INFO 10176 --- [           main] o.h.c.internal.RegionFactoryInitiator    : HHH000026: Second-level cache disabled
2024-07-18T10:24:38.677+05:30  INFO 10176 --- [           main] o.s.o.j.p.SpringPersistenceUnitInfo      : No LoadTimeWeaver setup: ignoring JPA class transformer
2024-07-18T10:24:38.757+05:30  INFO 10176 --- [           main] com.zaxxer.hikari.HikariDataSource       : HikariPool-1 - Starting...
2024-07-18T10:24:39.725+05:30  INFO 10176 --- [           main] com.zaxxer.hikari.pool.HikariPool        : HikariPool-1 - Added connection com.mysql.cj.jdbc.ConnectionImpl@32f308c6
2024-07-18T10:24:39.731+05:30  INFO 10176 --- [           main] com.zaxxer.hikari.HikariDataSource       : HikariPool-1 - Start completed.
2024-07-18T10:24:44.872+05:30  INFO 10176 --- [           main] o.h.e.t.j.p.i.JtaPlatformInitiator       : HHH000489: No JTA platform available (set 'hibernate.transaction.jta.platform' to enable JTA platform integration)
2024-07-18T10:24:45.365+05:30  INFO 10176 --- [           main] j.LocalContainerEntityManagerFactoryBean : Initialized JPA EntityManagerFactory for persistence unit 'default'
2024-07-18T10:24:46.172+05:30  INFO 10176 --- [           main] o.s.d.j.r.query.QueryEnhancerFactory     : Hibernate is in classpath; If applicable, HQL parser will be used.
2024-07-18T10:24:50.197+05:30  WARN 10176 --- [           main] JpaBaseConfiguration$JpaWebConfiguration : spring.jpa.open-in-view is enabled by default. Therefore, database queries may be performed during view rendering. Explicitly configure spring.jpa.open-in-view to disable this warning
2024-07-18T10:24:51.354+05:30  INFO 10176 --- [           main] o.s.s.web.DefaultSecurityFilterChain     : Will secure any request with [org.springframework.security.web.session.DisableEncodeUrlFilter@5de13824, org.springframework.security.web.context.request.async.WebAsyncManagerIntegrationFilter@31ec9703, org.springframework.security.web.context.SecurityContextHolderFilter@21080d55, org.springframework.security.web.header.HeaderWriterFilter@4c8ccc57, org.springframework.web.filter.CorsFilter@7edf6563, org.springframework.security.web.authentication.logout.LogoutFilter@7bcbf479, org.springframework.security.web.authentication.UsernamePasswordAuthenticationFilter@3456e3b3, org.springframework.security.web.authentication.ui.DefaultLoginPageGeneratingFilter@1cdb0d7b, org.springframework.security.web.authentication.ui.DefaultLogoutPageGeneratingFilter@73fe55f9, com.ecommerce.Auno.Configuration.JwtValidator@270a73ba, org.springframework.security.web.authentication.www.BasicAuthenticationFilter@3c36f10b, org.springframework.security.web.savedrequest.RequestCacheAwareFilter@72416c9a, org.springframework.security.web.servletapi.SecurityContextHolderAwareRequestFilter@6581cc72, org.springframework.security.web.authentication.AnonymousAuthenticationFilter@720bacd7, org.springframework.security.web.session.SessionManagementFilter@48d05f98, org.springframework.security.web.access.ExceptionTranslationFilter@6dee647f, org.springframework.security.web.access.intercept.AuthorizationFilter@3dd3f237]
2024-07-18T10:24:52.199+05:30  INFO 10176 --- [           main] c.ecommerce.Auno.AunoApplicationTests    : Started AunoApplicationTests in 22.723 seconds (process running for 28.335)
]]></system-out>
  </testcase>
</testsuite>